[18:53:42] [Server thread/INFO]: Starting minecraft server version 1.8.3
[18:53:42] [Server console handler/ERROR]: Exception handling console input
java.io.IOException: Неверный дескриптор
	at java.io.FileInputStream.readBytes(Native Method) ~[?:1.7.0_65]
	at java.io.FileInputStream.read(Unknown Source) ~[?:1.7.0_65]
	at java.io.BufferedInputStream.read1(Unknown Source) ~[?:1.7.0_65]
	at java.io.BufferedInputStream.read(Unknown Source) ~[?:1.7.0_65]
	at sun.nio.cs.StreamDecoder.readBytes(Unknown Source) ~[?:1.7.0_65]
	at sun.nio.cs.StreamDecoder.implRead(Unknown Source) ~[?:1.7.0_65]
	at sun.nio.cs.StreamDecoder.read(Unknown Source) ~[?:1.7.0_65]
	at java.io.InputStreamReader.read(Unknown Source) ~[?:1.7.0_65]
	at java.io.BufferedReader.fill(Unknown Source) ~[?:1.7.0_65]
	at java.io.BufferedReader.readLine(Unknown Source) ~[?:1.7.0_65]
	at java.io.BufferedReader.readLine(Unknown Source) ~[?:1.7.0_65]
	at kp$2.run(SourceFile:81) [minecraft_server.1.8.3.jar:?]
[18:53:42] [Server thread/WARN]: To start the server with more ram, launch it as "java -Xmx1024M -Xms1024M -jar minecraft_server.jar"
[18:53:42] [Server thread/INFO]: Loading properties
[18:53:42] [Server thread/WARN]: server.properties does not exist
[18:53:42] [Server thread/INFO]: Generating new properties file
[18:53:42] [Server thread/INFO]: Default game type: SURVIVAL
[18:53:42] [Server thread/INFO]: Generating keypair
[18:53:42] [Server thread/INFO]: Starting Minecraft server on *:25565
[18:53:42] [Server thread/INFO]: Using default channel type
[18:53:42] [Server thread/WARN]: Failed to load user banlist: 
java.io.FileNotFoundException: banned-players.json (Не удается найти указанный файл)
	at java.io.FileInputStream.open(Native Method) ~[?:1.7.0_65]
	at java.io.FileInputStream.<init>(Unknown Source) ~[?:1.7.0_65]
	at com.google.common.io.Files.newReader(Files.java:86) ~[minecraft_server.1.8.3.jar:?]
	at mc.g(SourceFile:124) ~[minecraft_server.1.8.3.jar:?]
	at ko.z(SourceFile:99) [minecraft_server.1.8.3.jar:?]
	at ko.<init>(SourceFile:25) [minecraft_server.1.8.3.jar:?]
	at kp.i(SourceFile:172) [minecraft_server.1.8.3.jar:?]
	at net.minecraft.server.MinecraftServer.run(SourceFile:419) [minecraft_server.1.8.3.jar:?]
	at java.lang.Thread.run(Unknown Source) [?:1.7.0_65]
[18:53:42] [Server thread/WARN]: Failed to load ip banlist: 
java.io.FileNotFoundException: banned-ips.json (Не удается найти указанный файл)
	at java.io.FileInputStream.open(Native Method) ~[?:1.7.0_65]
	at java.io.FileInputStream.<init>(Unknown Source) ~[?:1.7.0_65]
	at com.google.common.io.Files.newReader(Files.java:86) ~[minecraft_server.1.8.3.jar:?]
	at mc.g(SourceFile:124) ~[minecraft_server.1.8.3.jar:?]
	at ko.y(SourceFile:91) [minecraft_server.1.8.3.jar:?]
	at ko.<init>(SourceFile:27) [minecraft_server.1.8.3.jar:?]
	at kp.i(SourceFile:172) [minecraft_server.1.8.3.jar:?]
	at net.minecraft.server.MinecraftServer.run(SourceFile:419) [minecraft_server.1.8.3.jar:?]
	at java.lang.Thread.run(Unknown Source) [?:1.7.0_65]
[18:53:42] [Server thread/WARN]: Failed to load operators list: 
java.io.FileNotFoundException: ops.json (Не удается найти указанный файл)
	at java.io.FileInputStream.open(Native Method) ~[?:1.7.0_65]
	at java.io.FileInputStream.<init>(Unknown Source) ~[?:1.7.0_65]
	at com.google.common.io.Files.newReader(Files.java:86) ~[minecraft_server.1.8.3.jar:?]
	at mc.g(SourceFile:124) ~[minecraft_server.1.8.3.jar:?]
	at ko.A(SourceFile:107) [minecraft_server.1.8.3.jar:?]
	at ko.<init>(SourceFile:29) [minecraft_server.1.8.3.jar:?]
	at kp.i(SourceFile:172) [minecraft_server.1.8.3.jar:?]
	at net.minecraft.server.MinecraftServer.run(SourceFile:419) [minecraft_server.1.8.3.jar:?]
	at java.lang.Thread.run(Unknown Source) [?:1.7.0_65]
[18:53:42] [Server thread/WARN]: Failed to load white-list: 
java.io.FileNotFoundException: whitelist.json (Не удается найти указанный файл)
	at java.io.FileInputStream.open(Native Method) ~[?:1.7.0_65]
	at java.io.FileInputStream.<init>(Unknown Source) ~[?:1.7.0_65]
	at com.google.common.io.Files.newReader(Files.java:86) ~[minecraft_server.1.8.3.jar:?]
	at mc.g(SourceFile:124) ~[minecraft_server.1.8.3.jar:?]
	at ko.C(SourceFile:123) [minecraft_server.1.8.3.jar:?]
	at ko.<init>(SourceFile:30) [minecraft_server.1.8.3.jar:?]
	at kp.i(SourceFile:172) [minecraft_server.1.8.3.jar:?]
	at net.minecraft.server.MinecraftServer.run(SourceFile:419) [minecraft_server.1.8.3.jar:?]
	at java.lang.Thread.run(Unknown Source) [?:1.7.0_65]
[18:53:43] [Server thread/INFO]: Preparing level "world"
[18:53:43] [Server thread/INFO]: Preparing start region for level 0
[18:53:44] [Server thread/INFO]: Preparing spawn area: 9%
[18:53:45] [Server thread/INFO]: Preparing spawn area: 17%
[18:53:46] [Server thread/INFO]: Preparing spawn area: 24%
[18:53:47] [Server thread/INFO]: Preparing spawn area: 31%
[18:53:48] [Server thread/INFO]: Preparing spawn area: 39%
[18:53:49] [Server thread/INFO]: Preparing spawn area: 45%
[18:53:50] [Server thread/INFO]: Preparing spawn area: 54%
[18:53:51] [Server thread/INFO]: Preparing spawn area: 62%
[18:53:52] [Server thread/INFO]: Preparing spawn area: 70%
[18:53:53] [Server thread/INFO]: Preparing spawn area: 78%
[18:53:54] [Server thread/INFO]: Preparing spawn area: 86%
[18:53:55] [Server thread/INFO]: Preparing spawn area: 93%
[18:53:56] [Server thread/INFO]: Done (13,262s)! For help, type "help" or "?"
[18:57:26] [Server thread/INFO]: Starting minecraft server version 1.8.3
[18:57:26] [Server console handler/ERROR]: Exception handling console input
java.io.IOException: Неверный дескриптор
	at java.io.FileInputStream.readBytes(Native Method) ~[?:1.7.0_65]
	at java.io.FileInputStream.read(Unknown Source) ~[?:1.7.0_65]
	at java.io.BufferedInputStream.read1(Unknown Source) ~[?:1.7.0_65]
	at java.io.BufferedInputStream.read(Unknown Source) ~[?:1.7.0_65]
	at sun.nio.cs.StreamDecoder.readBytes(Unknown Source) ~[?:1.7.0_65]
	at sun.nio.cs.StreamDecoder.implRead(Unknown Source) ~[?:1.7.0_65]
	at sun.nio.cs.StreamDecoder.read(Unknown Source) ~[?:1.7.0_65]
	at java.io.InputStreamReader.read(Unknown Source) ~[?:1.7.0_65]
	at java.io.BufferedReader.fill(Unknown Source) ~[?:1.7.0_65]
	at java.io.BufferedReader.readLine(Unknown Source) ~[?:1.7.0_65]
	at java.io.BufferedReader.readLine(Unknown Source) ~[?:1.7.0_65]
	at kp$2.run(SourceFile:81) [minecraft_server.1.8.3.exe:?]
[18:57:26] [Server thread/INFO]: Loading properties
[18:57:26] [Server thread/INFO]: Default game type: SURVIVAL
[18:57:26] [Server thread/INFO]: Generating keypair
[18:57:26] [Server thread/INFO]: Starting Minecraft server on *:25565
[18:57:26] [Server thread/INFO]: Using default channel type
[18:57:26] [Server thread/WARN]: **** FAILED TO BIND TO PORT!
[18:57:26] [Server thread/WARN]: The exception was: java.net.BindException: Address already in use: bind
[18:57:26] [Server thread/WARN]: Perhaps a server is already running on that port?
[18:57:26] [Server thread/INFO]: Stopping server
oder.implRead(Unknown Source) ~[?:1.7.0_65]
	at sun.nio.cs.StreamDecoder.read(Unknown Source) ~[?:1.7.0_65]
	at java.io.InputStreamReader.read(Unknown Source) ~[?:1.7.0_65]
	at java.io.BufferedReader.fill(Unknown Source) ~[?:1.7.0_65]
	at java.io.BufferedReader.readLine(Unknown Source) ~[?:1.7.0_65]
	at java.io.BufferedReader.readLine(Unknown Source) ~[?:1.7.0_65]
	at kp$2.run(SourceFile:81) [minecraft_server.1.8.3.exe:?]
[18:57:26] [Server thread/INFO]: Loading properties
[18:57:26] [Server thread/INFO]: Default game type: SURVIVAL
[18:57:26] [Server thread/INFO]: Generating keypair
[18:57:26] [Server thread/INFO]: Starting Minecraft server on *:25565
[18:57:26] [Server thread/INFO]: Using default channel type
[18:57:26] [Server thread/WARN]: **** FAILED TO BIND TO PORT!
[18:57:26] [Server thread/WARN]: The exception was: java.net.BindException: Address already in use: bind
[18:57:26] [Server thread/WARN]: Perhaps a server is already running on that port?
[18:57:26] [Server thread/INFO]: Stopping server
[18:57:26] [Server Shutdown Thread/INFO]: Stopping server
[18:57:48] [Server thread/INFO]: Starting minecraft server version 1.8.3
[18:57:48] [Server thread/WARN]: To start the server with more ram, launch it as "java -Xmx1024M -Xms1024M -jar minecraft_server.jar"
[18:57:48] [Server thread/INFO]: Loading properties
[18:57:48] [Server console handler/ERROR]: Exception handling console input
java.io.IOException: Неверный дескриптор
	at java.io.FileInputStream.readBytes(Native Method) ~[?:1.7.0_65]
	at java.io.FileInputStream.read(Unknown Source) ~[?:1.7.0_65]
	at java.io.BufferedInputStream.read1(Unknown Source) ~[?:1.7.0_65]
	at java.io.BufferedInputStream.read(Unknown Source) ~[?:1.7.0_65]
	at sun.nio.cs.StreamDecoder.readBytes(Unknown Source) ~[?:1.7.0_65]
	at sun.nio.cs.StreamDecoder.implRead(Unknown Source) ~[?:1.7.0_65]
	at sun.nio.cs.StreamDecoder.read(Unknown Source) ~[?:1.7.0_65]
	at java.io.InputStreamReader.read(Unknown Source) ~[?:1.7.0_65]
	at java.io.BufferedReader.fill(Unknown Source) ~[?:1.7.0_65]
	at java.io.BufferedReader.readLine(Unknown Source) ~[?:1.7.0_65]
	at java.io.BufferedReader.readLine(Unknown Source) ~[?:1.7.0_65]
	at kp$2.run(SourceFile:81) [minecraft_server.1.8.3.jar:?]
[18:57:48] [Server thread/INFO]: Default game type: SURVIVAL
[18:57:48] [Server thread/INFO]: Generating keypair
[18:57:48] [Server thread/INFO]: Starting Minecraft server on *:25565
[18:57:48] [Server thread/INFO]: Using default channel type
[18:57:48] [Server thread/WARN]: **** FAILED TO BIND TO PORT!
[18:57:48] [Server thread/WARN]: The exception was: java.net.BindException: Address already in use: bind
[18:57:48] [Server thread/WARN]: Perhaps a server is already running on that port?
[18:57:48] [Server thread/INFO]: Stopping server
