[20:41:51] [Server thread/INFO]: Starting minecraft server version 1.8.3
[20:41:51] [Server console handler/ERROR]: Exception handling console input
java.io.IOException: Неверный дескриптор
	at java.io.FileInputStream.readBytes(Native Method) ~[?:1.8.0_31]
	at java.io.FileInputStream.read(Unknown Source) ~[?:1.8.0_31]
	at java.io.BufferedInputStream.read1(Unknown Source) ~[?:1.8.0_31]
	at java.io.BufferedInputStream.read(Unknown Source) ~[?:1.8.0_31]
	at sun.nio.cs.StreamDecoder.readBytes(Unknown Source) ~[?:1.8.0_31]
	at sun.nio.cs.StreamDecoder.implRead(Unknown Source) ~[?:1.8.0_31]
	at sun.nio.cs.StreamDecoder.read(Unknown Source) ~[?:1.8.0_31]
	at java.io.InputStreamReader.read(Unknown Source) ~[?:1.8.0_31]
	at java.io.BufferedReader.fill(Unknown Source) ~[?:1.8.0_31]
	at java.io.BufferedReader.readLine(Unknown Source) ~[?:1.8.0_31]
	at java.io.BufferedReader.readLine(Unknown Source) ~[?:1.8.0_31]
	at kp$2.run(SourceFile:81) [minecraft_server.1.8.3.jar:?]
[20:41:51] [Server thread/INFO]: Loading properties
[20:41:51] [Server thread/INFO]: Default game type: SURVIVAL
[20:41:51] [Server thread/INFO]: Generating keypair
[20:41:51] [Server thread/INFO]: Starting Minecraft server on *:25565
[20:41:51] [Server thread/INFO]: Using default channel type
[20:41:52] [Server thread/WARN]: **** SERVER IS RUNNING IN OFFLINE/INSECURE MODE!
[20:41:52] [Server thread/WARN]: The server will make no attempt to authenticate usernames. Beware.
[20:41:52] [Server thread/WARN]: While this makes the game possible to play without internet access, it also opens up the ability for hackers to connect with any username they choose.
[20:41:52] [Server thread/WARN]: To change this, set "online-mode" to "true" in the server.properties file.
[20:41:52] [Server thread/INFO]: Preparing level "world"
[20:41:52] [Server thread/INFO]: Preparing start region for level 0
[20:41:53] [Server thread/INFO]: Preparing spawn area: 76%
[20:41:53] [Server thread/INFO]: Done (1,185s)! For help, type "help" or "?"
