[05:22:12] [Server thread/INFO]: Starting minecraft server version 1.8.3
[05:22:12] [Server thread/INFO]: Loading properties
[05:22:12] [Server thread/INFO]: Default game type: SURVIVAL
[05:22:12] [Server thread/INFO]: Generating keypair
[05:22:12] [Server thread/INFO]: Starting Minecraft server on *:25565
[05:22:12] [Server thread/INFO]: Using default channel type
[05:22:13] [Server thread/WARN]: **** SERVER IS RUNNING IN OFFLINE/INSECURE MODE!
[05:22:13] [Server thread/WARN]: The server will make no attempt to authenticate usernames. Beware.
[05:22:13] [Server thread/WARN]: While this makes the game possible to play without internet access, it also opens up the ability for hackers to connect with any username they choose.
[05:22:13] [Server thread/WARN]: To change this, set "online-mode" to "true" in the server.properties file.
[05:22:13] [Server thread/INFO]: Preparing level "world"
[05:22:13] [Server thread/INFO]: Preparing start region for level 0
[05:22:14] [Server thread/INFO]: Preparing spawn area: 77%
[05:22:14] [Server thread/INFO]: Done (1,182s)! For help, type "help" or "?"
[05:24:15] [Server thread/INFO]: MD13[/178.66.158.241:57266] logged in with entity id 168 at (222.06401264478086, 92.98270722735258, 1367.9169545413972)
[05:24:15] [Server thread/INFO]: MD13 joined the game
[05:24:19] [Server thread/INFO]: MD13 lost connection: TextComponent{text='Disconnected', siblings=[], style=Style{hasParent=false, color=null, bold=null, italic=null, underlined=null, obfuscated=null, clickEvent=null, hoverEvent=null, insertion=null}}
[05:24:19] [Server thread/INFO]: MD13 left the game
[05:24:19] [Server thread/INFO]: MD13[/178.66.158.241:57267] logged in with entity id 459 at (222.06401264478086, 92.98270722735258, 1367.9169545413972)
[05:24:19] [Server thread/INFO]: MD13 joined the game
[05:24:20] [Server thread/INFO]: MD13 lost connection: TextComponent{text='Disconnected', siblings=[], style=Style{hasParent=false, color=null, bold=null, italic=null, underlined=null, obfuscated=null, clickEvent=null, hoverEvent=null, insertion=null}}
[05:24:20] [Server thread/INFO]: MD13 left the game
[05:24:21] [Server thread/INFO]: MD13[/178.66.158.241:57268] logged in with entity id 461 at (222.06401264478086, 92.98270722735258, 1367.9169545413972)
[05:24:21] [Server thread/INFO]: MD13 joined the game
[05:25:03] [Server thread/INFO]: cherevon[/178.66.158.241:9781] logged in with entity id 890 at (220.82947736324843, 81.0, 1386.8053320814965)
[05:25:03] [Server thread/INFO]: cherevon joined the game
[05:25:06] [Server thread/INFO]: MD13 lost connection: TextComponent{text='Disconnected', siblings=[], style=Style{hasParent=false, color=null, bold=null, italic=null, underlined=null, obfuscated=null, clickEvent=null, hoverEvent=null, insertion=null}}
[05:25:06] [Server thread/INFO]: MD13 left the game
[05:25:17] [Server thread/INFO]: MD13[/178.66.158.241:57274] logged in with entity id 1105 at (222.06401264478086, 92.98270722735258, 1367.9169545413972)
[05:25:17] [Server thread/INFO]: MD13 joined the game
[05:25:31] [Server thread/INFO]: [MD13: Teleported MD13 to 65.5, 65.0, 605.5]
[05:25:35] [Server thread/INFO]: cherevon lost connection: TranslatableComponent{key='disconnect.genericReason', args=[Internal Exception: java.io.IOException: Удаленный хост принудительно разорвал существующее подключение], siblings=[], style=Style{hasParent=false, color=null, bold=null, italic=null, underlined=null, obfuscated=null, clickEvent=null, hoverEvent=null, insertion=null}}
[05:25:35] [Server thread/INFO]: cherevon left the game
[05:26:34] [Server thread/WARN]: Adding mismatching tag types to tag list
[05:26:34] [Server thread/INFO]: [MD13: Object successfully summoned]
[05:26:50] [Server thread/INFO]: [MD13: Object successfully summoned]
[05:27:30] [Server thread/INFO]: [MD13: Given [Command Block] * 64 to MD13]
[05:32:01] [Server thread/INFO]: [@: Object successfully summoned]
[05:32:13] [Server thread/INFO]: [@: Object successfully summoned]
[05:38:30] [Server thread/INFO]: [@: Object successfully summoned]
[05:40:11] [Server thread/INFO]: [@: Object successfully summoned]
[05:41:27] [Server thread/INFO]: [@: Object successfully summoned]
[05:41:27] [Server thread/WARN]: Can't keep up! Did the system time change, or is the server overloaded? Running 4237ms behind, skipping 84 tick(s)
[05:41:32] [Server thread/INFO]: [@: Object successfully summoned]
[05:41:34] [Server thread/INFO]: [@: Object successfully summoned]
[05:42:07] [Server thread/INFO]: [@: Object successfully summoned]
[05:42:08] [Server thread/INFO]: [@: Object successfully summoned]
[05:42:26] [Server thread/INFO]: [@: Object successfully summoned]
[05:43:11] [Server thread/INFO]: [@: Object successfully summoned]
[05:43:21] [Server thread/INFO]: [@: Object successfully summoned]
[05:43:22] [Server thread/INFO]: [@: Object successfully summoned]
[05:48:05] [Server thread/INFO]: [@: Object successfully summoned]
[05:49:17] [Server thread/INFO]: [@: Object successfully summoned]
[05:49:22] [Server thread/INFO]: [@: Object successfully summoned]
[05:49:55] [Server thread/INFO]: [@: Object successfully summoned]
[05:49:58] [Server thread/INFO]: [@: Object successfully summoned]
[05:50:56] [Server thread/INFO]: [@: Object successfully summoned]
[05:51:14] [Server thread/INFO]: [@: Object successfully summoned]
[05:52:50] [Server thread/INFO]: [@: Object successfully summoned]
[05:53:29] [Server thread/INFO]: cherevon[/127.0.0.1:12013] logged in with entity id 17878 at (234.59256821201046, 81.0, 1366.549645405808)
[05:53:29] [Server thread/INFO]: cherevon joined the game
[05:53:39] [Server thread/INFO]: [cherevon: Object successfully summoned]
[05:53:57] [Server thread/INFO]: [cherevon: Object successfully summoned]
[05:54:00] [Server thread/INFO]: [cherevon: Object successfully summoned]
[05:54:14] [Server thread/INFO]: [cherevon: Object successfully summoned]
[05:54:41] [Server thread/INFO]: [cherevon: Teleported cherevon to MD13]
[05:54:47] [Server thread/WARN]: Skipping Entity with id giant
[05:54:51] [Server thread/INFO]: [cherevon: Object successfully summoned]
[05:55:05] [Server thread/INFO]: [cherevon: Object successfully summoned]
[05:55:06] [Server thread/INFO]: [cherevon: Object successfully summoned]
[05:55:52] [Server thread/INFO]: [cherevon: Set MD13's game mode to Survival Mode]
[05:56:24] [Server thread/INFO]: [MD13: Set own game mode to Creative Mode]
[05:56:36] [Server thread/WARN]: Skipping Entity with id FireBall
[05:56:45] [Server thread/WARN]: Fetching addPacket for removed entity
[05:56:45] [Server thread/WARN]: Fetching addPacket for removed entity
[05:56:45] [Server thread/INFO]: [cherevon: Object successfully summoned]
[05:57:02] [Server thread/INFO]: [@: Object successfully summoned]
[05:57:05] [Server thread/INFO]: [@: Object successfully summoned]
[05:57:33] [Server thread/INFO]: [cherevon: Object successfully summoned]
[05:57:48] [Server thread/INFO]: [cherevon: Object successfully summoned]
[05:57:51] [Server thread/INFO]: [cherevon: Object successfully summoned]
[05:57:54] [Server thread/INFO]: [cherevon: Object successfully summoned]
[05:57:58] [Server thread/INFO]: [cherevon: Object successfully summoned]
[06:00:41] [Server thread/INFO]: [cherevon: Object successfully summoned]
[06:00:47] [Server thread/INFO]: [cherevon: Object successfully summoned]
[06:00:47] [Server thread/INFO]: [cherevon: Object successfully summoned]
[06:00:48] [Server thread/INFO]: [cherevon: Object successfully summoned]
[06:01:03] [Server thread/INFO]: [cherevon: Object successfully summoned]
[06:01:52] [Server thread/INFO]: [cherevon: Set MD13's game mode to Survival Mode]
[06:01:58] [Server thread/INFO]: [MD13: Set own game mode to Creative Mode]
[06:02:23] [Server thread/INFO]: [cherevon: Killed Creeper]
[06:02:23] [Server thread/INFO]: [cherevon: Killed Creeper]
[06:02:23] [Server thread/INFO]: [cherevon: Killed Creeper]
[06:02:23] [Server thread/INFO]: [cherevon: Killed Creeper]
[06:02:23] [Server thread/INFO]: [cherevon: Killed Creeper]
[06:02:23] [Server thread/INFO]: [cherevon: Killed Creeper]
[06:02:23] [Server thread/INFO]: [cherevon: Killed Creeper]
[06:02:23] [Server thread/INFO]: [cherevon: Killed Creeper]
[06:02:23] [Server thread/INFO]: [cherevon: Killed Creeper]
[06:02:23] [Server thread/INFO]: [cherevon: Killed Creeper]
[06:02:23] [Server thread/INFO]: [cherevon: Killed Creeper]
[06:02:23] [Server thread/INFO]: [cherevon: Killed Creeper]
[06:02:23] [Server thread/INFO]: [cherevon: Killed Creeper]
[06:02:23] [Server thread/INFO]: [cherevon: Killed Creeper]
[06:02:23] [Server thread/INFO]: [cherevon: Killed Creeper]
[06:02:23] [Server thread/INFO]: [cherevon: Killed Creeper]
[06:02:23] [Server thread/INFO]: [cherevon: Killed Creeper]
[06:02:23] [Server thread/INFO]: [cherevon: Killed Creeper]
[06:02:23] [Server thread/INFO]: [cherevon: Killed Creeper]
[06:02:23] [Server thread/INFO]: [cherevon: Killed Creeper]
[06:02:23] [Server thread/INFO]: [cherevon: Killed Creeper]
[06:02:23] [Server thread/INFO]: [cherevon: Killed Creeper]
[06:02:23] [Server thread/INFO]: [cherevon: Killed Creeper]
[06:02:23] [Server thread/INFO]: [cherevon: Killed Creeper]
[06:02:23] [Server thread/INFO]: [cherevon: Killed Creeper]
[06:02:23] [Server thread/INFO]: [cherevon: Killed Creeper]
[06:02:23] [Server thread/INFO]: [cherevon: Killed Creeper]
[06:02:23] [Server thread/INFO]: [cherevon: Killed Creeper]
[06:02:23] [Server thread/INFO]: [cherevon: Killed Creeper]
[06:02:23] [Server thread/INFO]: [cherevon: Killed Creeper]
[06:02:23] [Server thread/INFO]: [cherevon: Killed Creeper]
[06:02:23] [Server thread/INFO]: [cherevon: Killed Creeper]
[06:02:23] [Server thread/INFO]: [cherevon: Killed Creeper]
[06:02:23] [Server thread/INFO]: [cherevon: Killed Creeper]
[06:02:23] [Server thread/INFO]: [cherevon: Killed Creeper]
[06:02:23] [Server thread/INFO]: [cherevon: Killed Creeper]
[06:02:23] [Server thread/INFO]: [cherevon: Killed Creeper]
[06:02:23] [Server thread/INFO]: [cherevon: Killed Creeper]
[06:02:23] [Server thread/INFO]: [cherevon: Killed Creeper]
[06:02:23] [Server thread/INFO]: [cherevon: Killed Creeper]
[06:02:23] [Server thread/INFO]: [cherevon: Killed Creeper]
[06:02:23] [Server thread/INFO]: [cherevon: Killed Creeper]
[06:02:23] [Server thread/INFO]: [cherevon: Killed Creeper]
[06:02:23] [Server thread/INFO]: [cherevon: Killed Creeper]
[06:04:50] [Server thread/WARN]: Skipping Entity with id Fallin gSand
[06:04:50] [Server thread/INFO]: [@: Object successfully summoned]
[06:05:55] [Server thread/INFO]: [@: Given [Diamond Boots] * 1 to MD13]
[06:06:05] [Server thread/INFO]: [@: Object successfully summoned]
[06:06:28] [Server thread/INFO]: [@: Given [Diamond Chestplate] * 1 to MD13]
[06:07:01] [Server thread/INFO]: [@: Given [Diamond Helmet] * 1 to MD13]
[06:07:16] [Server thread/INFO]: [cherevon: Object successfully summoned]
[06:07:24] [Server thread/INFO]: [@: Given [Diamond Leggings] * 1 to MD13]
[06:07:44] [Server thread/INFO]: [cherevon: Object successfully summoned]
[06:07:53] [Server thread/INFO]: [cherevon: Set the time to 13000]
[06:07:55] [Server thread/INFO]: [cherevon: Set the time to 13000]
[06:07:59] [Server thread/INFO]: [cherevon: Object successfully summoned]
[06:08:04] [Server thread/INFO]: [@: Object successfully summoned]
[06:08:05] [Server thread/INFO]: [@: Object successfully summoned]
[06:08:12] [Server thread/INFO]: [cherevon: Object successfully summoned]
[06:08:26] [Server thread/INFO]: [cherevon: Object successfully summoned]
[06:08:27] [Server thread/INFO]: [@: Given [Diamond Leggings] * 1 to MD13]
[06:09:20] [Server thread/INFO]: [@: Given [Diamond Leggings] * 1 to MD13]
[06:09:21] [Server thread/INFO]: [@: Given [Diamond Leggings] * 1 to MD13]
[06:11:09] [Server thread/INFO]: [cherevon: Object successfully summoned]
[06:11:28] [Server thread/INFO]: [@: Object successfully summoned]
[06:11:31] [Server thread/INFO]: [cherevon: Set own game mode to Survival Mode]
[06:11:47] [Server thread/INFO]: [cherevon: Object successfully summoned]
[06:12:18] [Server thread/INFO]: [cherevon: Set own game mode to Creative Mode]
[06:12:23] [Server thread/INFO]: [@: Object successfully summoned]
[06:12:23] [Server thread/WARN]: Can't keep up! Did the system time change, or is the server overloaded? Running 2466ms behind, skipping 49 tick(s)
[06:12:23] [Server thread/INFO]: [@: Object successfully summoned]
[06:13:26] [Server thread/INFO]: [@: Object successfully summoned]
[06:13:26] [Server thread/INFO]: [@: Object successfully summoned]
[06:13:27] [Server thread/INFO]: [@: Object successfully summoned]
[06:13:27] [Server thread/INFO]: [@: Object successfully summoned]
[06:13:27] [Server thread/INFO]: [@: Object successfully summoned]
[06:13:28] [Server thread/INFO]: [@: Object successfully summoned]
[06:13:28] [Server thread/INFO]: [@: Object successfully summoned]
[06:13:29] [Server thread/INFO]: [@: Object successfully summoned]
[06:13:29] [Server thread/INFO]: [@: Object successfully summoned]
[06:13:29] [Server thread/INFO]: [@: Object successfully summoned]
[06:13:29] [Server thread/INFO]: [@: Object successfully summoned]
[06:13:30] [Server thread/INFO]: [@: Object successfully summoned]
[06:13:31] [Server thread/INFO]: [@: Object successfully summoned]
[06:13:32] [Server thread/INFO]: [@: Object successfully summoned]
[06:13:32] [Server thread/INFO]: [@: Object successfully summoned]
[06:13:33] [Server thread/INFO]: [@: Object successfully summoned]
[06:13:33] [Server thread/INFO]: [@: Object successfully summoned]
[06:13:33] [Server thread/INFO]: [@: Object successfully summoned]
[06:13:34] [Server thread/INFO]: [@: Object successfully summoned]
[06:13:34] [Server thread/INFO]: [@: Object successfully summoned]
[06:13:35] [Server thread/INFO]: [@: Object successfully summoned]
[06:13:35] [Server thread/INFO]: [@: Object successfully summoned]
[06:13:35] [Server thread/INFO]: [@: Object successfully summoned]
[06:13:36] [Server thread/INFO]: [@: Object successfully summoned]
[06:13:39] [Server thread/INFO]: [@: Block placed]
[06:14:04] [Server thread/INFO]: [@: Block placed]
[06:14:58] [Server thread/INFO]: cherevon lost connection: TranslatableComponent{key='disconnect.genericReason', args=[Internal Exception: java.io.IOException: Удаленный хост принудительно разорвал существующее подключение], siblings=[], style=Style{hasParent=false, color=null, bold=null, italic=null, underlined=null, obfuscated=null, clickEvent=null, hoverEvent=null, insertion=null}}
[06:14:58] [Server thread/INFO]: cherevon left the game
[06:15:07] [Server thread/INFO]: [@: Object successfully summoned]
[06:15:16] [Server thread/INFO]: [@: Object successfully summoned]
[06:15:18] [Server thread/INFO]: [@: Object successfully summoned]
[06:15:19] [Server thread/INFO]: [@: Object successfully summoned]
[06:15:27] [Server thread/INFO]: [@: Object successfully summoned]
[06:17:25] [Server thread/INFO]: [MD13: Set own game mode to Survival Mode]
[06:17:56] [Server thread/INFO]: [@: Object successfully summoned]
[06:18:41] [Server thread/INFO]: [@: Object successfully summoned]
[06:19:12] [Server thread/INFO]: [MD13: Set own game mode to Creative Mode]
[06:25:20] [Server thread/INFO]: MD13 lost connection: TranslatableComponent{key='disconnect.genericReason', args=[Internal Exception: java.io.IOException: Удаленный хост принудительно разорвал существующее подключение], siblings=[], style=Style{hasParent=false, color=null, bold=null, italic=null, underlined=null, obfuscated=null, clickEvent=null, hoverEvent=null, insertion=null}}
[06:25:20] [Server thread/INFO]: MD13 left the game
[09:24:40] [Server thread/WARN]: Can't keep up! Did the system time change, or is the server overloaded? Running 10758648ms behind, skipping 215172 tick(s)
[12:34:51] [Server thread/WARN]: Can't keep up! Did the system time change, or is the server overloaded? Running 10691153ms behind, skipping 213823 tick(s)
[12:36:05] [Server thread/INFO]: Stopping the server
[12:36:05] [Server thread/INFO]: Stopping server
[12:36:05] [Server thread/INFO]: Saving players
[12:36:05] [Server thread/INFO]: Saving worlds
[12:36:05] [Server thread/INFO]: Saving chunks for level 'world'/Overworld
[12:36:05] [Server thread/INFO]: Saving chunks for level 'world'/Nether
[12:36:05] [Server thread/INFO]: Saving chunks for level 'world'/The End
[12:36:05] [Server Shutdown Thread/INFO]: Stopping server
[12:36:05] [Server Shutdown Thread/INFO]: Saving players
